accuracy-0-N0-standard-cache-mode-id_2023-05-13_17-03-37
accuracy-0-N0-standard-cache-mode-location_2023-05-13_17-43-01
accuracy-0-N0-standard-cache-mode-mix_2023-05-13_16-43-53
accuracy-0-N0-standard-cache-mode-type_2023-05-13_17-24-54
accuracy-0-N0-standard-id_2023-05-13_20-28-30
accuracy-0-N0-standard-location_2023-05-13_21-07-33
accuracy-0-N0-standard-mix_2023-05-13_20-08-01
accuracy-0-N0-standard-type_2023-05-13_20-49-27
accuracy-0-N1-standard-cache-mode-id_2023-05-13_18-17-10
accuracy-0-N1-standard-cache-mode-location_2023-05-13_18-51-12
accuracy-0-N1-standard-cache-mode-mix_2023-05-13_17-59-58
accuracy-0-N1-standard-cache-mode-type_2023-05-13_18-34-51
accuracy-0-N1-standard-id_2023-05-13_21-42-09
accuracy-0-N1-standard-location_2023-05-13_22-15-50
accuracy-0-N1-standard-mix_2023-05-13_21-25-00
accuracy-0-N1-standard-type_2023-05-13_21-59-58
accuracy-0-N2-standard-cache-mode-id_2023-05-13_19-22-28
accuracy-0-N2-standard-cache-mode-location_2023-05-13_19-53-15
accuracy-0-N2-standard-cache-mode-mix_2023-05-13_19-06-38
accuracy-0-N2-standard-cache-mode-type_2023-05-13_19-38-28
accuracy-0-N2-standard-id_2023-05-13_22-47-08
accuracy-0-N2-standard-location_2023-05-13_23-18-03
accuracy-0-N2-standard-mix_2023-05-13_22-31-12
accuracy-0-N2-standard-type_2023-05-13_23-03-10
accuracy-20.0-N0--cache-mode-id_2023-05-14_04-57-19
accuracy-20.0-N0--cache-mode-location_2023-05-14_08-17-06
accuracy-20.0-N0--cache-mode-mix_2023-05-14_03-15-37
accuracy-20.0-N0--cache-mode-type_2023-05-14_06-49-34
accuracy-20.0-N0--id_2023-05-15_10-02-54
accuracy-20.0-N0--location_2023-05-15_13-21-52
accuracy-20.0-N0--mix_2023-05-15_08-20-11
accuracy-20.0-N0--type_2023-05-15_11-53-31
accuracy-20.0-N0-standard-cache-mode-id_2023-05-14_00-34-55
accuracy-20.0-N0-standard-cache-mode-location_2023-05-14_02-29-38
accuracy-20.0-N0-standard-cache-mode-mix_2023-05-13_23-32-39
accuracy-20.0-N0-standard-cache-mode-type_2023-05-14_01-36-27
accuracy-20.0-N0-standard-id_2023-05-15_05-30-07
accuracy-20.0-N0-standard-location_2023-05-15_07-35-37
accuracy-20.0-N0-standard-mix_2023-05-15_04-34-14
accuracy-20.0-N0-standard-type_2023-05-15_06-42-37
accuracy-20.0-N1--cache-mode-id_2023-05-14_14-44-48
accuracy-20.0-N1--cache-mode-location_2023-05-14_17-56-36
accuracy-20.0-N1--cache-mode-mix_2023-05-14_13-08-19
accuracy-20.0-N1--cache-mode-type_2023-05-14_16-31-22
accuracy-20.0-N1--id_2023-05-15_19-35-00
accuracy-20.0-N1--location_2023-05-15_22-49-59
accuracy-20.0-N1--mix_2023-05-15_18-08-53
accuracy-20.0-N1--type_2023-05-15_21-24-58
accuracy-20.0-N1-standard-cache-mode-id_2023-05-14_10-28-24
accuracy-20.0-N1-standard-cache-mode-location_2023-05-14_12-27-07
accuracy-20.0-N1-standard-cache-mode-mix_2023-05-14_09-27-43
accuracy-20.0-N1-standard-cache-mode-type_2023-05-14_11-36-55
accuracy-20.0-N1-standard-id_2023-05-15_15-31-14
accuracy-20.0-N1-standard-location_2023-05-15_17-28-02
accuracy-20.0-N1-standard-mix_2023-05-15_14-31-11
accuracy-20.0-N1-standard-type_2023-05-15_16-37-58
accuracy-20.0-N2--cache-mode-id_2023-05-15_00-12-27
accuracy-20.0-N2--cache-mode-location_2023-05-15_03-22-29
accuracy-20.0-N2--cache-mode-mix_2023-05-14_22-35-24
accuracy-20.0-N2--cache-mode-type_2023-05-15_02-01-03
accuracy-20.0-N2--id_2023-05-16_05-13-22
accuracy-20.0-N2--location_2023-05-16_08-27-13
accuracy-20.0-N2--mix_2023-05-16_03-34-48
accuracy-20.0-N2--type_2023-05-16_07-03-52
accuracy-20.0-N2-standard-cache-mode-id_2023-05-14_20-02-54
accuracy-20.0-N2-standard-cache-mode-location_2023-05-14_21-55-08
accuracy-20.0-N2-standard-cache-mode-mix_2023-05-14_19-06-37
accuracy-20.0-N2-standard-cache-mode-type_2023-05-14_21-06-59
accuracy-20.0-N2-standard-id_2023-05-16_01-01-24
accuracy-20.0-N2-standard-location_2023-05-16_02-54-19
accuracy-20.0-N2-standard-mix_2023-05-16_00-02-26
accuracy-20.0-N2-standard-type_2023-05-16_02-05-31
accuracy-40.0-N0--cache-mode-id_2023-05-16_16-37-30
accuracy-40.0-N0--cache-mode-location_2023-05-16_21-06-43
accuracy-40.0-N0--cache-mode-mix_2023-05-16_14-21-27
accuracy-40.0-N0--cache-mode-type_2023-05-16_19-08-59
accuracy-40.0-N0-standard-cache-mode-id_2023-05-16_10-46-09
accuracy-40.0-N0-standard-cache-mode-location_2023-05-16_13-22-39
accuracy-40.0-N0-standard-cache-mode-mix_2023-05-16_09-26-33
accuracy-40.0-N0-standard-cache-mode-type_2023-05-16_12-13-12
accuracy-40.0-N1--cache-mode-id_2023-05-17_05-27-51
accuracy-40.0-N1--cache-mode-location_2023-05-17_09-54-55
accuracy-40.0-N1--cache-mode-mix_2023-05-17_03-16-34
accuracy-40.0-N1--cache-mode-type_2023-05-17_07-55-08
accuracy-40.0-N1-standard-cache-mode-id_2023-05-16_23-55-14
accuracy-40.0-N1-standard-cache-mode-location_2023-05-17_02-23-01
accuracy-40.0-N1-standard-cache-mode-mix_2023-05-16_22-42-58
accuracy-40.0-N1-standard-cache-mode-type_2023-05-17_01-17-41
